******************************
* x86 node: pickle-3
* SDV node: fpga-sdv-3
******************************

Warning: Permanently added 'fpga-sdv-3,192.168.3.3' (ECDSA) to the list of known hosts.
bash: warning: setlocale: LC_ALL: cannot change locale (en_US.UTF-8)
/bin/bash: warning: setlocale: LC_ALL: cannot change locale (en_US.UTF-8)
load papi/papi-like (LD_LIBRARY_PATH, PAPI_INCL, PAPI_LIBS)
Pressures(1)	PAPI_TOT_CYC	1278490
Pressures(1)	PAPI_TOT_INS	811184
Pressures(1)	VPU_ACTIVE	0
Pressures(1)	VPU_COMPLETED_INST	0
Temperatures(2)	PAPI_TOT_CYC	453641
Temperatures(2)	PAPI_TOT_INS	214333
Temperatures(2)	VPU_ACTIVE	355687
Temperatures(2)	VPU_COMPLETED_INST	14400
Volumes(3)	PAPI_TOT_CYC	1581774
Volumes(3)	PAPI_TOT_INS	641234
Volumes(3)	VPU_ACTIVE	0
Volumes(3)	VPU_COMPLETED_INST	0
Delta(4)	PAPI_TOT_CYC	290173
Delta(4)	PAPI_TOT_INS	14825
Delta(4)	VPU_ACTIVE	273296
Delta(4)	VPU_COMPLETED_INST	4509
5620.0032
Pressures(1)	PAPI_TOT_CYC	1478109
Pressures(1)	PAPI_TOT_INS	948746
Pressures(1)	VPU_ACTIVE	0
Pressures(1)	VPU_COMPLETED_INST	0
Temperatures(2)	PAPI_TOT_CYC	449728
Temperatures(2)	PAPI_TOT_INS	214320
Temperatures(2)	VPU_ACTIVE	353261
Temperatures(2)	VPU_COMPLETED_INST	14400
Volumes(3)	PAPI_TOT_CYC	1559192
Volumes(3)	PAPI_TOT_INS	641234
Volumes(3)	VPU_ACTIVE	0
Volumes(3)	VPU_COMPLETED_INST	0
Delta(4)	PAPI_TOT_CYC	273720
Delta(4)	PAPI_TOT_INS	10746
Delta(4)	VPU_ACTIVE	273161
Delta(4)	VPU_COMPLETED_INST	4509
1966.3102
Pressures(1)	PAPI_TOT_CYC	1264475
Pressures(1)	PAPI_TOT_INS	809810
Pressures(1)	VPU_ACTIVE	0
Pressures(1)	VPU_COMPLETED_INST	0
Temperatures(2)	PAPI_TOT_CYC	444788
Temperatures(2)	PAPI_TOT_INS	214333
Temperatures(2)	VPU_ACTIVE	348513
Temperatures(2)	VPU_COMPLETED_INST	14400
Volumes(3)	PAPI_TOT_CYC	1581438
Volumes(3)	PAPI_TOT_INS	641234
Volumes(3)	VPU_ACTIVE	0
Volumes(3)	VPU_COMPLETED_INST	0
Delta(4)	PAPI_TOT_CYC	289387
Delta(4)	PAPI_TOT_INS	14825
Delta(4)	VPU_ACTIVE	273262
Delta(4)	VPU_COMPLETED_INST	4509
1311.9151
Pressures(1)	PAPI_TOT_CYC	1229740
Pressures(1)	PAPI_TOT_INS	797006
Pressures(1)	VPU_ACTIVE	0
Pressures(1)	VPU_COMPLETED_INST	0
Temperatures(2)	PAPI_TOT_CYC	449095
Temperatures(2)	PAPI_TOT_INS	214333
Temperatures(2)	VPU_ACTIVE	353207
Temperatures(2)	VPU_COMPLETED_INST	14400
Volumes(3)	PAPI_TOT_CYC	1562407
Volumes(3)	PAPI_TOT_INS	641234
Volumes(3)	VPU_ACTIVE	0
Volumes(3)	VPU_COMPLETED_INST	0
Delta(4)	PAPI_TOT_CYC	288403
Delta(4)	PAPI_TOT_INS	14812
Delta(4)	VPU_ACTIVE	273486
Delta(4)	VPU_COMPLETED_INST	4509
1039.8516
Pressures(1)	PAPI_TOT_CYC	1238616
Pressures(1)	PAPI_TOT_INS	800325
Pressures(1)	VPU_ACTIVE	0
Pressures(1)	VPU_COMPLETED_INST	0
Temperatures(2)	PAPI_TOT_CYC	428921
Temperatures(2)	PAPI_TOT_INS	210254
Temperatures(2)	VPU_ACTIVE	345170
Temperatures(2)	VPU_COMPLETED_INST	14400
Volumes(3)	PAPI_TOT_CYC	1588462
Volumes(3)	PAPI_TOT_INS	645313
Volumes(3)	VPU_ACTIVE	0
Volumes(3)	VPU_COMPLETED_INST	0
Delta(4)	PAPI_TOT_CYC	273788
Delta(4)	PAPI_TOT_INS	10746
Delta(4)	VPU_ACTIVE	273211
Delta(4)	VPU_COMPLETED_INST	4509
881.6927
Pressures(1)	PAPI_TOT_CYC	1241791
Pressures(1)	PAPI_TOT_INS	800461
Pressures(1)	VPU_ACTIVE	0
Pressures(1)	VPU_COMPLETED_INST	0
Temperatures(2)	PAPI_TOT_CYC	449262
Temperatures(2)	PAPI_TOT_INS	214377
Temperatures(2)	VPU_ACTIVE	352439
Temperatures(2)	VPU_COMPLETED_INST	14400
Volumes(3)	PAPI_TOT_CYC	1562447
Volumes(3)	PAPI_TOT_INS	641221
Volumes(3)	VPU_ACTIVE	0
Volumes(3)	VPU_COMPLETED_INST	0
Delta(4)	PAPI_TOT_CYC	273394
Delta(4)	PAPI_TOT_INS	10746
Delta(4)	VPU_ACTIVE	272936
Delta(4)	VPU_COMPLETED_INST	4509
785.5846
Pressures(1)	PAPI_TOT_CYC	1238850
Pressures(1)	PAPI_TOT_INS	800303
Pressures(1)	VPU_ACTIVE	0
Pressures(1)	VPU_COMPLETED_INST	0
Temperatures(2)	PAPI_TOT_CYC	443734
Temperatures(2)	PAPI_TOT_INS	214333
Temperatures(2)	VPU_ACTIVE	345846
Temperatures(2)	VPU_COMPLETED_INST	14400
Volumes(3)	PAPI_TOT_CYC	1611490
Volumes(3)	PAPI_TOT_INS	644533
Volumes(3)	VPU_ACTIVE	0
Volumes(3)	VPU_COMPLETED_INST	0
Delta(4)	PAPI_TOT_CYC	288943
Delta(4)	PAPI_TOT_INS	14812
Delta(4)	VPU_ACTIVE	273463
Delta(4)	VPU_COMPLETED_INST	4509
715.3618
Pressures(1)	PAPI_TOT_CYC	1226133
Pressures(1)	PAPI_TOT_INS	796237
Pressures(1)	VPU_ACTIVE	0
Pressures(1)	VPU_COMPLETED_INST	0
Temperatures(2)	PAPI_TOT_CYC	449931
Temperatures(2)	PAPI_TOT_INS	214320
Temperatures(2)	VPU_ACTIVE	352789
Temperatures(2)	VPU_COMPLETED_INST	14400
Volumes(3)	PAPI_TOT_CYC	1561687
Volumes(3)	PAPI_TOT_INS	641256
Volumes(3)	VPU_ACTIVE	0
Volumes(3)	VPU_COMPLETED_INST	0
Delta(4)	PAPI_TOT_CYC	289013
Delta(4)	PAPI_TOT_INS	14825
Delta(4)	VPU_ACTIVE	273442
Delta(4)	VPU_COMPLETED_INST	4509
666.9991
Pressures(1)	PAPI_TOT_CYC	1249220
Pressures(1)	PAPI_TOT_INS	802115
Pressures(1)	VPU_ACTIVE	0
Pressures(1)	VPU_COMPLETED_INST	0
Temperatures(2)	PAPI_TOT_CYC	447404
Temperatures(2)	PAPI_TOT_INS	214320
Temperatures(2)	VPU_ACTIVE	348250
Temperatures(2)	VPU_COMPLETED_INST	14400
Volumes(3)	PAPI_TOT_CYC	1573516
Volumes(3)	PAPI_TOT_INS	641256
Volumes(3)	VPU_ACTIVE	0
Volumes(3)	VPU_COMPLETED_INST	0
Delta(4)	PAPI_TOT_CYC	291091
Delta(4)	PAPI_TOT_INS	14825
Delta(4)	VPU_ACTIVE	273527
Delta(4)	VPU_COMPLETED_INST	4509
627.6045
Pressures(1)	PAPI_TOT_CYC	1224619
Pressures(1)	PAPI_TOT_INS	796224
Pressures(1)	VPU_ACTIVE	0
Pressures(1)	VPU_COMPLETED_INST	0
Temperatures(2)	PAPI_TOT_CYC	449096
Temperatures(2)	PAPI_TOT_INS	214403
Temperatures(2)	VPU_ACTIVE	352803
Temperatures(2)	VPU_COMPLETED_INST	14400
Volumes(3)	PAPI_TOT_CYC	1561651
Volumes(3)	PAPI_TOT_INS	641256
Volumes(3)	VPU_ACTIVE	0
Volumes(3)	VPU_COMPLETED_INST	0
Delta(4)	PAPI_TOT_CYC	289091
Delta(4)	PAPI_TOT_INS	14825
Delta(4)	VPU_ACTIVE	273072
Delta(4)	VPU_COMPLETED_INST	4509
598.7502
Microseconds per step: 74434.10
